"Severity","ThreadID","Date","Time","Application","Message"
"ERROR","web-0","07/02/2012","10:13:05","","Page /plugins/bootstrap/index.cfm [F:\Seagate\Sites\doudothat\plugins\Bootstrap\index.cfm] not found
	at railo.runtime.PageSourceImpl.loadPage(PageSourceImpl.java:140):140
	at railo.runtime.PageContextImpl.doInclude(PageContextImpl.java:759):759
	at railo.runtime.PageContextImpl.doInclude(PageContextImpl.java:715):715
	at wheels._public.plugins_cfm$cf.call(F:\Seagate\Sites\doudothat\wheels\public\plugins.cfm:2):2
	at railo.runtime.PageContextImpl.doInclude(PageContextImpl.java:762):762
	at railo.runtime.PageContextImpl.doInclude(PageContextImpl.java:715):715
	at wheels._public.wheels_cfm$cf.call(F:\Seagate\Sites\doudothat\wheels\public\wheels.cfm:5):5
	at railo.runtime.PageContextImpl.doInclude(PageContextImpl.java:762):762
	at railo.runtime.PageContextImpl.doInclude(PageContextImpl.java:715):715
	at views.wheels.wheels_cfm$cf.call(F:\Seagate\Sites\doudothat\views\wheels\wheels.cfm:5):5
	at railo.runtime.PageContextImpl.doInclude(PageContextImpl.java:762):762
	at railo.runtime.PageContextImpl.doInclude(PageContextImpl.java:715):715
	at wheels.global.cfml_cfm$cf.udfCall2(F:\Seagate\Sites\doudothat\wheels\global\cfml.cfm:138):138
	at wheels.global.cfml_cfm$cf.udfCall(F:\Seagate\Sites\doudothat\wheels\global\cfml.cfm):-1
	at railo.runtime.type.UDFImpl.implementation(UDFImpl.java:214):214
	at railo.runtime.type.UDFImpl._call(UDFImpl.java:418):418
	at railo.runtime.type.UDFImpl.callWithNamedValues(UDFImpl.java:376):376
	at railo.runtime.util.VariableUtilImpl.callFunctionWithNamedValues(VariableUtilImpl.java:774):774
	at railo.runtime.PageContextImpl.getFunctionWithNamedValues(PageContextImpl.java:1459):1459
	at wheels.controller.rendering_cfm$cf.udfCall2(F:\Seagate\Sites\doudothat\wheels\controller\rendering.cfm:498):498
	at wheels.controller.rendering_cfm$cf.udfCall(F:\Seagate\Sites\doudothat\wheels\controller\rendering.cfm):-1
	at railo.runtime.type.UDFImpl.implementation(UDFImpl.java:214):214
	at railo.runtime.type.UDFImpl._call(UDFImpl.java:418):418
	at railo.runtime.type.UDFImpl.callWithNamedValues(UDFImpl.java:376):376
	at railo.runtime.util.VariableUtilImpl.callFunctionWithNamedValues(VariableUtilImpl.java:774):774
	at railo.runtime.PageContextImpl.getFunctionWithNamedValues(PageContextImpl.java:1459):1459
	at wheels.controller.rendering_cfm$cf.udfCall1(F:\Seagate\Sites\doudothat\wheels\controller\rendering.cfm:257):257
	at wheels.controller.rendering_cfm$cf.udfCall(F:\Seagate\Sites\doudothat\wheels\controller\rendering.cfm):-1
	at railo.runtime.type.UDFImpl.implementation(UDFImpl.java:214):214
	at railo.runtime.type.UDFImpl._call(UDFImpl.java:418):418
	at railo.runtime.type.UDFImpl.callWithNamedValues(UDFImpl.java:376):376
	at railo.runtime.util.VariableUtilImpl.callFunctionWithNamedValues(VariableUtilImpl.java:774):774
	at railo.runtime.PageContextImpl.getFunctionWithNamedValues(PageContextImpl.java:1459):1459
	at wheels.controller.rendering_cfm$cf.udfCall1(F:\Seagate\Sites\doudothat\wheels\controller\rendering.cfm:68):68
	at wheels.controller.rendering_cfm$cf.udfCall(F:\Seagate\Sites\doudothat\wheels\controller\rendering.cfm):-1
	at railo.runtime.type.UDFImpl.implementation(UDFImpl.java:214):214
	at railo.runtime.type.UDFImpl._call(UDFImpl.java:418):418
	at railo.runtime.type.UDFImpl.call(UDFImpl.java:383):383
	at railo.runtime.util.VariableUtilImpl.callFunctionWithoutNamedValues(VariableUtilImpl.java:738):738
	at railo.runtime.PageContextImpl.getFunction(PageContextImpl.java:1444):1444
	at wheels.controller.processing_cfm$cf.udfCall(F:\Seagate\Sites\doudothat\wheels\controller\processing.cfm:99):99
	at railo.runtime.type.UDFImpl.implementation(UDFImpl.java:214):214
	at railo.runtime.type.UDFImpl._call(UDFImpl.java:418):418
	at railo.runtime.type.UDFImpl.callWithNamedValues(UDFImpl.java:376):376
	at railo.runtime.util.VariableUtilImpl.callFunctionWithNamedValues(VariableUtilImpl.java:774):774
	at railo.runtime.PageContextImpl.getFunctionWithNamedValues(PageContextImpl.java:1459):1459
	at wheels.controller.processing_cfm$cf.udfCall(F:\Seagate\Sites\doudothat\wheels\controller\processing.cfm:60):60
	at railo.runtime.type.UDFImpl.implementation(UDFImpl.java:214):214
	at railo.runtime.type.UDFImpl._call(UDFImpl.java:418):418
	at railo.runtime.type.UDFImpl.call(UDFImpl.java:383):383
	at railo.runtime.ComponentImpl._call(ComponentImpl.java:609):609
	at railo.runtime.ComponentImpl._call(ComponentImpl.java:496):496
	at railo.runtime.ComponentImpl.call(ComponentImpl.java:1794):1794
	at railo.runtime.util.VariableUtilImpl.callFunctionWithoutNamedValues(VariableUtilImpl.java:733):733
	at railo.runtime.PageContextImpl.getFunction(PageContextImpl.java:1444):1444
	at wheels.dispatch.request_cfm$cf.udfCall1(F:\Seagate\Sites\doudothat\wheels\dispatch\request.cfm:167):167
	at wheels.dispatch.request_cfm$cf.udfCall(F:\Seagate\Sites\doudothat\wheels\dispatch\request.cfm):-1
	at railo.runtime.type.UDFImpl.implementation(UDFImpl.java:214):214
	at railo.runtime.type.UDFImpl._call(UDFImpl.java:418):418
	at railo.runtime.type.UDFImpl.call(UDFImpl.java:383):383
	at railo.runtime.ComponentImpl._call(ComponentImpl.java:609):609
	at railo.runtime.ComponentImpl._call(ComponentImpl.java:496):496
	at railo.runtime.ComponentImpl.call(ComponentImpl.java:1794):1794
	at railo.runtime.util.VariableUtilImpl.callFunctionWithoutNamedValues(VariableUtilImpl.java:733):733
	at railo.runtime.PageContextImpl.getFunction(PageContextImpl.java:1444):1444
	at wheels.index_cfm$cf.call(F:\Seagate\Sites\doudothat\wheels\index.cfm:1):1
	at railo.runtime.PageContextImpl.doInclude(PageContextImpl.java:762):762
	at railo.runtime.PageContextImpl.doInclude(PageContextImpl.java:715):715
	at rewrite_cfm$cf.call(F:\Seagate\Sites\doudothat\rewrite.cfm:1):1
	at railo.runtime.PageContextImpl.doInclude(PageContextImpl.java:762):762
	at railo.runtime.PageContextImpl.doInclude(PageContextImpl.java:715):715
	at wheels.events.onrequest_cfm$cf.udfCall(F:\Seagate\Sites\doudothat\wheels\events\onrequest.cfm:1):1
	at railo.runtime.type.UDFImpl.implementation(UDFImpl.java:214):214
	at railo.runtime.type.UDFImpl._call(UDFImpl.java:418):418
	at railo.runtime.type.UDFImpl.call(UDFImpl.java:383):383
	at railo.runtime.ComponentImpl._call(ComponentImpl.java:609):609
	at railo.runtime.ComponentImpl._call(ComponentImpl.java:496):496
	at railo.runtime.ComponentImpl.call(ComponentImpl.java:1794):1794
	at railo.runtime.listener.ModernAppListener.call(ModernAppListener.java:347):347
	at railo.runtime.listener.ModernAppListener._onRequest(ModernAppListener.java:174):174
	at railo.runtime.listener.MixedAppListener.onRequest(MixedAppListener.java:23):23
	at railo.runtime.PageContextImpl.execute(PageContextImpl.java:1991):1991
	at railo.runtime.PageContextImpl.execute(PageContextImpl.java:1958):1958
	at railo.runtime.engine.CFMLEngineImpl.serviceCFML(CFMLEngineImpl.java:297):297
	at railo.loader.servlet.CFMLServlet.service(CFMLServlet.java:32):32
	at javax.servlet.http.HttpServlet.service(HttpServlet.java:722):722
	at org.apache.catalina.core.ApplicationFilterChain.internalDoFilter(ApplicationFilterChain.java:304):304
	at org.apache.catalina.core.ApplicationFilterChain.doFilter(ApplicationFilterChain.java:210):210
	at org.apache.catalina.core.StandardWrapperValve.invoke(StandardWrapperValve.java:224):224
	at org.apache.catalina.core.StandardContextValve.invoke(StandardContextValve.java:169):169
	at org.apache.catalina.authenticator.AuthenticatorBase.invoke(AuthenticatorBase.java:472):472
	at org.apache.catalina.core.StandardHostValve.invoke(StandardHostValve.java:168):168
	at org.apache.catalina.valves.ErrorReportValve.invoke(ErrorReportValve.java:100):100
	at org.apache.catalina.core.StandardEngineValve.invoke(StandardEngineValve.java:118):118
	at org.apache.catalina.connector.CoyoteAdapter.service(CoyoteAdapter.java:405):405
	at org.apache.coyote.ajp.AjpProcessor.process(AjpProcessor.java:200):200
	at org.apache.coyote.AbstractProtocol$AbstractConnectionHandler.process(AbstractProtocol.java:515):515
	at org.apache.tomcat.util.net.JIoEndpoint$SocketProcessor.run(JIoEndpoint.java:302):302
	at java.util.concurrent.ThreadPoolExecutor$Worker.runTask(Unknown Source):-1
	at java.util.concurrent.ThreadPoolExecutor$Worker.run(Unknown Source):-1
	at java.lang.Thread.run(Unknown Source):-1
"
